 Number of MPI processes:           4
 file_root:kids_group1
 Random seeds: 13275, 17532 rand_inst:   2
 Random seeds: 13175, 17532 rand_inst:   1
 Random seeds: 13386, 17533 rand_inst:   3
 Random seeds: 13496, 17534 rand_inst:   4
 this%use_morell, this%use_rombint T F
 this%use_nl F
 setscenario           1
 this%use_morell, this%use_rombint T F
 this%use_nl F
 setscenario           1
 this%use_morell, this%use_rombint T F
 this%use_nl F
 setscenario           1
 this%use_morell, this%use_rombint T F
 this%use_nl F
 setscenario           1
 this%thetacfhtini  1.188933333333333E-002  2.420166666666667E-002
  4.926366666666667E-002  0.100279166666667       0.204124166666667     
  0.415506500000000       0.845787666666667        1.72164966666667     
   3.50451783333333     
 this%thetacfhtini  1.188933333333333E-002  2.420166666666667E-002
  4.926366666666667E-002  0.100279166666667       0.204124166666667     
  0.415506500000000       0.845787666666667        1.72164966666667     
   3.50451783333333     
 this%thetacfhtini  1.188933333333333E-002  2.420166666666667E-002
  4.926366666666667E-002  0.100279166666667       0.204124166666667     
  0.415506500000000       0.845787666666667        1.72164966666667     
   3.50451783333333     
 this%thetacfhtini  1.188933333333333E-002  2.420166666666667E-002
  4.926366666666667E-002  0.100279166666667       0.204124166666667     
  0.415506500000000       0.845787666666667        1.72164966666667     
   3.50451783333333     
 shahab this%exact_z  0.000000000000000E+000  2.500000000000000E-002
  2.885000000000000E-002  3.329290000000000E-002  3.842000660000000E-002
  4.433668761640000E-002  5.116453750932560E-002  5.904387628576174E-002
  6.813663323376905E-002  7.862967475176948E-002  9.073864466354198E-002
  0.104712395941727       0.120838104916753       0.139447173073934     
  0.160922037727319       0.185704031537326       0.214302452394075     
  0.247305030062762       0.285390004692428       0.329340065415061     
  0.380058435488981       0.438587434554284       0.506129899475644     
  0.584073903994893       0.674021285210106       0.777820563132463     
  0.897604929854862        1.03583608905251        1.19535484676660     
   1.37943949316865        1.59187317511663        1.83702164408459     
   2.11992297727361        2.44639111577375        2.82313534760291     
   3.25789819113375        3.47499900000000     
 shahab this%exact_z  0.000000000000000E+000  2.500000000000000E-002
  2.885000000000000E-002  3.329290000000000E-002  3.842000660000000E-002
  4.433668761640000E-002  5.116453750932560E-002  5.904387628576174E-002
  6.813663323376905E-002  7.862967475176948E-002  9.073864466354198E-002
  0.104712395941727       0.120838104916753       0.139447173073934     
  0.160922037727319       0.185704031537326       0.214302452394075     
  0.247305030062762       0.285390004692428       0.329340065415061     
  0.380058435488981       0.438587434554284       0.506129899475644     
  0.584073903994893       0.674021285210106       0.777820563132463     
  0.897604929854862        1.03583608905251        1.19535484676660     
   1.37943949316865        1.59187317511663        1.83702164408459     
   2.11992297727361        2.44639111577375        2.82313534760291     
   3.25789819113375        3.47499900000000     
 Imported CosmicShear info
 Imported CosmicShear info
 shahab this%exact_z  0.000000000000000E+000  2.500000000000000E-002
  2.885000000000000E-002  3.329290000000000E-002  3.842000660000000E-002
  4.433668761640000E-002  5.116453750932560E-002  5.904387628576174E-002
  6.813663323376905E-002  7.862967475176948E-002  9.073864466354198E-002
  0.104712395941727       0.120838104916753       0.139447173073934     
  0.160922037727319       0.185704031537326       0.214302452394075     
  0.247305030062762       0.285390004692428       0.329340065415061     
  0.380058435488981       0.438587434554284       0.506129899475644     
  0.584073903994893       0.674021285210106       0.777820563132463     
  0.897604929854862        1.03583608905251        1.19535484676660     
   1.37943949316865        1.59187317511663        1.83702164408459     
   2.11992297727361        2.44639111577375        2.82313534760291     
   3.25789819113375        3.47499900000000     
 shahab this%exact_z  0.000000000000000E+000  2.500000000000000E-002
  2.885000000000000E-002  3.329290000000000E-002  3.842000660000000E-002
  4.433668761640000E-002  5.116453750932560E-002  5.904387628576174E-002
  6.813663323376905E-002  7.862967475176948E-002  9.073864466354198E-002
  0.104712395941727       0.120838104916753       0.139447173073934     
  0.160922037727319       0.185704031537326       0.214302452394075     
  0.247305030062762       0.285390004692428       0.329340065415061     
  0.380058435488981       0.438587434554284       0.506129899475644     
  0.584073903994893       0.674021285210106       0.777820563132463     
  0.897604929854862        1.03583608905251        1.19535484676660     
   1.37943949316865        1.59187317511663        1.83702164408459     
   2.11992297727361        2.44639111577375        2.82313534760291     
   3.25789819113375        3.47499900000000     
 Imported CosmicShear info
 Imported CosmicShear info
 Doing non-linear Pk: T
 Doing CMB lensing: T
 Doing non-linear lensing: T
 TT lmax =  2500
 EE lmax =  2500
 ET lmax =  2500
 BB lmax =  2500
 PP lmax =  2500
 lmax_computed_cl  =  2500
 Computing tensors: F
 max_eta_k         =    14000.00    
 transfer kmax     =    100.2000    
 adding parameters for: CosmicShear
 CosmicShear data param indices:          40          41          42          43
          44          45          46
 Fast divided into            1  blocks
 11 parameters (10 slow ( 0 semi-slow),  1 fast ( 0 semi-fast))
 Initialising BBN data BBN_full_Parthenelope_880.3.dat, col:           4
 Initialising BBN data BBN_full_Parthenelope_880.3.dat, col:           4
 Initialising BBN data BBN_full_Parthenelope_880.3.dat, col:           4
 Done. Interpolation table is           48  by           13
 Done. Interpolation table is           48  by           13
 Done. Interpolation table is           48  by           13
-------------------------------------------------------
Primary job  terminated normally, but 1 process returned
a non-zero exit code.. Per user-direction, the job has been aborted.
-------------------------------------------------------
--------------------------------------------------------------------------
mpirun detected that one or more processes exited with non-zero status, thus causing
the job to be terminated. The first process to do so was:

  Process name: [[20703,1],2]
  Exit code:    1
--------------------------------------------------------------------------
